1: //&T-
2: VariableReference;
3: 
4: // 5 semantic errors defined in Variable Reference
5: 
6: func(a: integer)
7: begin
8:     var arr: array 30 of integer;
9:     var err: array 0 of integer;
10: 
11:     // [ERROR] symbol not found
12:     print arrr[30];
13: 
14:     // [ERROR] symbol not variable
15:     print func[30];
16: 
17:     // [ERROR] error in declaration
18:     print err[1.0];
19: 
20:     // [ERROR] index not integer type
21:     print arr[1.0];
22: 
23:     // [ERROR] over subscript
24:     print a[40][50][60];
25: end
26: end
27: 
28: begin
29:     func(10);
30: end
31: end
==============================================================================================================
Name                             Kind       Level      Type             Attribute  
--------------------------------------------------------------------------------------------------------------
a                                parameter  1(local)   integer                     
arr                              variable   1(local)   integer [30]                
err                              variable   1(local)   integer [0]                 
--------------------------------------------------------------------------------------------------------------
==============================================================================================================
Name                             Kind       Level      Type             Attribute  
--------------------------------------------------------------------------------------------------------------
--------------------------------------------------------------------------------------------------------------
==============================================================================================================
Name                             Kind       Level      Type             Attribute  
--------------------------------------------------------------------------------------------------------------
VariableReference                program    0(global)  void                        
func                             function   0(global)  void             integer    
--------------------------------------------------------------------------------------------------------------
<Error> Found in line 9, column 9: 'err' declared as an array with an index that is not greater than 0
        var err: array 0 of integer;
            ^
<Error> Found in line 12, column 11: use of undeclared symbol 'arrr'
        print arrr[30];
              ^
<Error> Found in line 15, column 11: use of non-variable symbol 'func'
        print func[30];
              ^
<Error> Found in line 21, column 15: index of array reference must be an integer
        print arr[1.0];
                  ^
<Error> Found in line 24, column 11: there is an over array subscript on 'a'
        print a[40][50][60];
              ^
